<?xml version="1.0" encoding="UTF-8"?>
<testng-results ignored="1" total="2" passed="1" failed="0" skipped="0">
  <reporter-output>
  </reporter-output>
  <suite started-at="2022-10-07T10:24:53 IST" name="Default suite" finished-at="2022-10-07T10:24:55 IST" duration-ms="2362">
    <groups>
    </groups>
    <test started-at="2022-10-07T10:24:53 IST" name="Default test" finished-at="2022-10-07T10:24:55 IST" duration-ms="2362">
      <class name="api.automation.test.TextAssertion">
        <test-method signature="textAssertion()[pri:0, instance:api.automation.test.TextAssertion@394a2528]" started-at="2022-10-07T10:24:53 IST" name="textAssertion" finished-at="2022-10-07T10:24:55 IST" duration-ms="2328" status="PASS">
          <reporter-output>
          </reporter-output>
        </test-method> <!-- textAssertion -->
      </class> <!-- api.automation.test.TextAssertion -->
    </test> <!-- Default test -->
  </suite> <!-- Default suite -->
</testng-results>
