<?xml version="1.0" encoding="UTF-8"?>
<!-- Generated by org.testng.reporters.JUnitXMLReporter -->
<testsuite ignored="1" hostname="MUM01L00506" failures="0" tests="1" name="Default test" time="2.362" errors="0" timestamp="2022-10-07T10:24:55 IST">
  <testcase classname="api.automation.test.TextAssertion" name="textAssertion" time="2.328"/>
  <testcase classname="api.automation.test.TextAssertion" name="GetReq" time="0.0">
    <ignored/>
  </testcase> <!-- GetReq -->
</testsuite> <!-- Default test -->
